{"C:\\Users\\evano\\WebstormProjects\\PatternCraftKata\\src\\index.ts": {"path":"C:\\Users\\evano\\WebstormProjects\\PatternCraftKata\\src\\index.ts","all":false,"statementMap":{"0":{"start":{"line":1,"column":0},"end":{"line":1,"column":0}},"1":{"start":{"line":2,"column":0},"end":{"line":2,"column":27}},"2":{"start":{"line":3,"column":0},"end":{"line":3,"column":27}},"3":{"start":{"line":4,"column":0},"end":{"line":4,"column":28}},"4":{"start":{"line":5,"column":0},"end":{"line":5,"column":53}},"5":{"start":{"line":6,"column":0},"end":{"line":6,"column":55}},"6":{"start":{"line":7,"column":0},"end":{"line":7,"column":69}},"7":{"start":{"line":8,"column":0},"end":{"line":8,"column":15}},"8":{"start":{"line":9,"column":0},"end":{"line":9,"column":25}},"9":{"start":{"line":10,"column":0},"end":{"line":10,"column":17}},"10":{"start":{"line":11,"column":0},"end":{"line":11,"column":9}},"11":{"start":{"line":12,"column":0},"end":{"line":12,"column":5}},"12":{"start":{"line":13,"column":0},"end":{"line":13,"column":23}},"13":{"start":{"line":14,"column":0},"end":{"line":14,"column":53}},"14":{"start":{"line":15,"column":0},"end":{"line":15,"column":53}},"15":{"start":{"line":16,"column":0},"end":{"line":16,"column":15}},"16":{"start":{"line":17,"column":0},"end":{"line":17,"column":23}},"17":{"start":{"line":18,"column":0},"end":{"line":18,"column":17}},"18":{"start":{"line":19,"column":0},"end":{"line":19,"column":9}},"19":{"start":{"line":20,"column":0},"end":{"line":20,"column":5}},"20":{"start":{"line":21,"column":0},"end":{"line":21,"column":25}},"21":{"start":{"line":22,"column":0},"end":{"line":22,"column":53}},"22":{"start":{"line":23,"column":0},"end":{"line":23,"column":53}},"23":{"start":{"line":24,"column":0},"end":{"line":24,"column":15}},"24":{"start":{"line":25,"column":0},"end":{"line":25,"column":23}},"25":{"start":{"line":26,"column":0},"end":{"line":26,"column":17}},"26":{"start":{"line":27,"column":0},"end":{"line":27,"column":9}},"27":{"start":{"line":28,"column":0},"end":{"line":28,"column":5}},"28":{"start":{"line":29,"column":0},"end":{"line":29,"column":0}},"29":{"start":{"line":30,"column":0},"end":{"line":30,"column":17}},"30":{"start":{"line":31,"column":0},"end":{"line":31,"column":3}},"31":{"start":{"line":32,"column":0},"end":{"line":32,"column":1}},"32":{"start":{"line":33,"column":0},"end":{"line":33,"column":0}},"33":{"start":{"line":34,"column":0},"end":{"line":34,"column":22}},"34":{"start":{"line":35,"column":0},"end":{"line":35,"column":37}},"35":{"start":{"line":36,"column":0},"end":{"line":36,"column":3}},"36":{"start":{"line":37,"column":0},"end":{"line":37,"column":0}},"37":{"start":{"line":38,"column":0},"end":{"line":38,"column":10}},"38":{"start":{"line":39,"column":0},"end":{"line":39,"column":57}},"39":{"start":{"line":40,"column":0},"end":{"line":40,"column":54}},"40":{"start":{"line":41,"column":0},"end":{"line":41,"column":7}},"41":{"start":{"line":42,"column":0},"end":{"line":42,"column":69}},"42":{"start":{"line":43,"column":0},"end":{"line":43,"column":33}},"43":{"start":{"line":44,"column":0},"end":{"line":44,"column":26}},"44":{"start":{"line":45,"column":0},"end":{"line":45,"column":7}},"45":{"start":{"line":46,"column":0},"end":{"line":46,"column":24}},"46":{"start":{"line":47,"column":0},"end":{"line":47,"column":5}},"47":{"start":{"line":48,"column":0},"end":{"line":48,"column":57}},"48":{"start":{"line":49,"column":0},"end":{"line":49,"column":56}},"49":{"start":{"line":50,"column":0},"end":{"line":50,"column":7}},"50":{"start":{"line":51,"column":0},"end":{"line":51,"column":73}},"51":{"start":{"line":52,"column":0},"end":{"line":52,"column":35}},"52":{"start":{"line":53,"column":0},"end":{"line":53,"column":28}},"53":{"start":{"line":54,"column":0},"end":{"line":54,"column":7}},"54":{"start":{"line":55,"column":0},"end":{"line":55,"column":24}},"55":{"start":{"line":56,"column":0},"end":{"line":56,"column":5}},"56":{"start":{"line":57,"column":0},"end":{"line":57,"column":0}},"57":{"start":{"line":58,"column":0},"end":{"line":58,"column":22}},"58":{"start":{"line":59,"column":0},"end":{"line":59,"column":3}},"59":{"start":{"line":60,"column":0},"end":{"line":60,"column":0}},"60":{"start":{"line":61,"column":0},"end":{"line":61,"column":10}},"61":{"start":{"line":62,"column":0},"end":{"line":62,"column":57}},"62":{"start":{"line":63,"column":0},"end":{"line":63,"column":53}},"63":{"start":{"line":64,"column":0},"end":{"line":64,"column":7}},"64":{"start":{"line":65,"column":0},"end":{"line":65,"column":69}},"65":{"start":{"line":66,"column":0},"end":{"line":66,"column":33}},"66":{"start":{"line":67,"column":0},"end":{"line":67,"column":26}},"67":{"start":{"line":68,"column":0},"end":{"line":68,"column":7}},"68":{"start":{"line":69,"column":0},"end":{"line":69,"column":69}},"69":{"start":{"line":70,"column":0},"end":{"line":70,"column":33}},"70":{"start":{"line":71,"column":0},"end":{"line":71,"column":26}},"71":{"start":{"line":72,"column":0},"end":{"line":72,"column":7}},"72":{"start":{"line":73,"column":0},"end":{"line":73,"column":24}},"73":{"start":{"line":74,"column":0},"end":{"line":74,"column":5}},"74":{"start":{"line":75,"column":0},"end":{"line":75,"column":57}},"75":{"start":{"line":76,"column":0},"end":{"line":76,"column":55}},"76":{"start":{"line":77,"column":0},"end":{"line":77,"column":7}},"77":{"start":{"line":78,"column":0},"end":{"line":78,"column":69}},"78":{"start":{"line":79,"column":0},"end":{"line":79,"column":33}},"79":{"start":{"line":80,"column":0},"end":{"line":80,"column":26}},"80":{"start":{"line":81,"column":0},"end":{"line":81,"column":7}},"81":{"start":{"line":82,"column":0},"end":{"line":82,"column":73}},"82":{"start":{"line":83,"column":0},"end":{"line":83,"column":35}},"83":{"start":{"line":84,"column":0},"end":{"line":84,"column":28}},"84":{"start":{"line":85,"column":0},"end":{"line":85,"column":7}},"85":{"start":{"line":86,"column":0},"end":{"line":86,"column":24}},"86":{"start":{"line":87,"column":0},"end":{"line":87,"column":5}},"87":{"start":{"line":88,"column":0},"end":{"line":88,"column":0}},"88":{"start":{"line":89,"column":0},"end":{"line":89,"column":22}},"89":{"start":{"line":90,"column":0},"end":{"line":90,"column":3}},"90":{"start":{"line":91,"column":0},"end":{"line":91,"column":14}},"91":{"start":{"line":92,"column":0},"end":{"line":92,"column":26}},"92":{"start":{"line":93,"column":0},"end":{"line":93,"column":58}},"93":{"start":{"line":94,"column":0},"end":{"line":94,"column":57}},"94":{"start":{"line":95,"column":0},"end":{"line":95,"column":7}},"95":{"start":{"line":96,"column":0},"end":{"line":96,"column":73}},"96":{"start":{"line":97,"column":0},"end":{"line":97,"column":35}},"97":{"start":{"line":98,"column":0},"end":{"line":98,"column":28}},"98":{"start":{"line":99,"column":0},"end":{"line":99,"column":7}},"99":{"start":{"line":100,"column":0},"end":{"line":100,"column":24}},"100":{"start":{"line":101,"column":0},"end":{"line":101,"column":5}},"101":{"start":{"line":102,"column":0},"end":{"line":102,"column":24}},"102":{"start":{"line":103,"column":0},"end":{"line":103,"column":58}},"103":{"start":{"line":104,"column":0},"end":{"line":104,"column":55}},"104":{"start":{"line":105,"column":0},"end":{"line":105,"column":7}},"105":{"start":{"line":106,"column":0},"end":{"line":106,"column":69}},"106":{"start":{"line":107,"column":0},"end":{"line":107,"column":33}},"107":{"start":{"line":108,"column":0},"end":{"line":108,"column":26}},"108":{"start":{"line":109,"column":0},"end":{"line":109,"column":7}},"109":{"start":{"line":110,"column":0},"end":{"line":110,"column":24}},"110":{"start":{"line":111,"column":0},"end":{"line":111,"column":5}},"111":{"start":{"line":112,"column":0},"end":{"line":112,"column":26}},"112":{"start":{"line":113,"column":0},"end":{"line":113,"column":58}},"113":{"start":{"line":114,"column":0},"end":{"line":114,"column":57}},"114":{"start":{"line":115,"column":0},"end":{"line":115,"column":7}},"115":{"start":{"line":116,"column":0},"end":{"line":116,"column":73}},"116":{"start":{"line":117,"column":0},"end":{"line":117,"column":35}},"117":{"start":{"line":118,"column":0},"end":{"line":118,"column":28}},"118":{"start":{"line":119,"column":0},"end":{"line":119,"column":7}},"119":{"start":{"line":120,"column":0},"end":{"line":120,"column":24}},"120":{"start":{"line":121,"column":0},"end":{"line":121,"column":5}},"121":{"start":{"line":122,"column":0},"end":{"line":122,"column":0}},"122":{"start":{"line":123,"column":0},"end":{"line":123,"column":22}},"123":{"start":{"line":124,"column":0},"end":{"line":124,"column":3}},"124":{"start":{"line":125,"column":0},"end":{"line":125,"column":1}},"125":{"start":{"line":126,"column":0},"end":{"line":126,"column":0}},"126":{"start":{"line":127,"column":0},"end":{"line":127,"column":19}},"127":{"start":{"line":128,"column":0},"end":{"line":128,"column":29}},"128":{"start":{"line":129,"column":0},"end":{"line":129,"column":27}},"129":{"start":{"line":130,"column":0},"end":{"line":130,"column":0}},"130":{"start":{"line":131,"column":0},"end":{"line":131,"column":22}},"131":{"start":{"line":132,"column":0},"end":{"line":132,"column":20}},"132":{"start":{"line":133,"column":0},"end":{"line":133,"column":34}},"133":{"start":{"line":134,"column":0},"end":{"line":134,"column":3}},"134":{"start":{"line":135,"column":0},"end":{"line":135,"column":1}},"135":{"start":{"line":136,"column":0},"end":{"line":136,"column":0}},"136":{"start":{"line":137,"column":0},"end":{"line":137,"column":34}},"137":{"start":{"line":138,"column":0},"end":{"line":138,"column":17}},"138":{"start":{"line":139,"column":0},"end":{"line":139,"column":12}},"139":{"start":{"line":140,"column":0},"end":{"line":140,"column":20}},"140":{"start":{"line":141,"column":0},"end":{"line":141,"column":24}},"141":{"start":{"line":142,"column":0},"end":{"line":142,"column":3}},"142":{"start":{"line":143,"column":0},"end":{"line":143,"column":1}},"143":{"start":{"line":144,"column":0},"end":{"line":144,"column":36}},"144":{"start":{"line":145,"column":0},"end":{"line":145,"column":17}},"145":{"start":{"line":146,"column":0},"end":{"line":146,"column":12}},"146":{"start":{"line":147,"column":0},"end":{"line":147,"column":20}},"147":{"start":{"line":148,"column":0},"end":{"line":148,"column":26}},"148":{"start":{"line":149,"column":0},"end":{"line":149,"column":3}},"149":{"start":{"line":150,"column":0},"end":{"line":150,"column":1}},"150":{"start":{"line":151,"column":0},"end":{"line":151,"column":0}},"151":{"start":{"line":152,"column":0},"end":{"line":152,"column":34}},"152":{"start":{"line":153,"column":0},"end":{"line":153,"column":17}},"153":{"start":{"line":154,"column":0},"end":{"line":154,"column":12}},"154":{"start":{"line":155,"column":0},"end":{"line":155,"column":20}},"155":{"start":{"line":156,"column":0},"end":{"line":156,"column":24}},"156":{"start":{"line":157,"column":0},"end":{"line":157,"column":3}},"157":{"start":{"line":158,"column":0},"end":{"line":158,"column":1}}},"s":{"0":1,"1":1,"2":1,"3":1,"4":1,"5":1,"6":1,"7":0,"8":0,"9":0,"10":0,"11":0,"12":0,"13":1,"14":1,"15":3,"16":3,"17":0,"18":0,"19":0,"20":0,"21":3,"22":3,"23":3,"24":3,"25":3,"26":3,"27":3,"28":3,"29":1,"30":1,"31":1,"32":1,"33":1,"34":1,"35":1,"36":1,"37":1,"38":1,"39":1,"40":1,"41":1,"42":1,"43":3,"44":3,"45":3,"46":3,"47":3,"48":2,"49":4,"50":3,"51":3,"52":1,"53":1,"54":1,"55":1,"56":1,"57":1,"58":1,"59":1,"60":1,"61":3,"62":2,"63":3,"64":1,"65":3,"66":1,"67":1,"68":1,"69":1,"70":1,"71":1,"72":1,"73":1,"74":1,"75":3,"76":1,"77":3,"78":1,"79":1,"80":1,"81":1,"82":6,"83":1,"84":1,"85":1,"86":2,"87":2,"88":2,"89":2,"90":2,"91":2,"92":2,"93":2,"94":1,"95":1,"96":1,"97":1,"98":1,"99":1,"100":1,"101":1,"102":1,"103":1,"104":2,"105":2,"106":1,"107":2,"108":1,"109":1,"110":1,"111":1,"112":1,"113":1,"114":1,"115":1,"116":2,"117":2,"118":6,"119":6,"120":6,"121":6,"122":2,"123":1,"124":1,"125":1,"126":1,"127":1,"128":1,"129":1,"130":1,"131":1,"132":1,"133":1,"134":1,"135":1,"136":1,"137":1,"138":1,"139":1,"140":1,"141":1,"142":1,"143":1,"144":1,"145":1,"146":1,"147":1,"148":1,"149":1,"150":1,"151":1,"152":1,"153":1,"154":1,"155":1,"156":2,"157":2},"branchMap":{"0":{"type":"branch","line":4,"loc":{"start":{"line":4,"column":2},"end":{"line":30,"column":15}},"locations":[{"start":{"line":4,"column":2},"end":{"line":30,"column":15}}]},"1":{"type":"branch","line":5,"loc":{"start":{"line":5,"column":11},"end":{"line":14,"column":42}},"locations":[{"start":{"line":5,"column":11},"end":{"line":14,"column":42}}]},"2":{"type":"branch","line":6,"loc":{"start":{"line":6,"column":21},"end":{"line":7,"column":56}},"locations":[{"start":{"line":6,"column":21},"end":{"line":7,"column":56}}]},"3":{"type":"branch","line":7,"loc":{"start":{"line":7,"column":57},"end":{"line":13,"column":23}},"locations":[{"start":{"line":7,"column":57},"end":{"line":13,"column":23}}]},"4":{"type":"branch","line":15,"loc":{"start":{"line":15,"column":1},"end":{"line":30,"column":12}},"locations":[{"start":{"line":15,"column":1},"end":{"line":30,"column":12}}]},"5":{"type":"branch","line":16,"loc":{"start":{"line":16,"column":1},"end":{"line":16,"column":14}},"locations":[{"start":{"line":16,"column":1},"end":{"line":16,"column":14}}]},"6":{"type":"branch","line":17,"loc":{"start":{"line":17,"column":12},"end":{"line":22,"column":18}},"locations":[{"start":{"line":17,"column":12},"end":{"line":22,"column":18}}]},"7":{"type":"branch","line":25,"loc":{"start":{"line":25,"column":5},"end":{"line":25,"column":23}},"locations":[{"start":{"line":25,"column":5},"end":{"line":25,"column":23}}]},"8":{"type":"branch","line":23,"loc":{"start":{"line":23,"column":2},"end":{"line":23,"column":41}},"locations":[{"start":{"line":23,"column":2},"end":{"line":23,"column":41}}]},"9":{"type":"branch","line":42,"loc":{"start":{"line":42,"column":11},"end":{"line":80,"column":20}},"locations":[{"start":{"line":42,"column":11},"end":{"line":80,"column":20}}]},"10":{"type":"branch","line":42,"loc":{"start":{"line":42,"column":29},"end":{"line":42,"column":60}},"locations":[{"start":{"line":42,"column":29},"end":{"line":42,"column":60}}]},"11":{"type":"branch","line":43,"loc":{"start":{"line":43,"column":29},"end":{"line":79,"column":26}},"locations":[{"start":{"line":43,"column":29},"end":{"line":79,"column":26}}]},"12":{"type":"branch","line":48,"loc":{"start":{"line":48,"column":56},"end":{"line":51,"column":12}},"locations":[{"start":{"line":48,"column":56},"end":{"line":51,"column":12}}]},"13":{"type":"branch","line":51,"loc":{"start":{"line":51,"column":13},"end":{"line":52,"column":32}},"locations":[{"start":{"line":51,"column":13},"end":{"line":52,"column":32}}]},"14":{"type":"branch","line":52,"loc":{"start":{"line":52,"column":34},"end":{"line":62,"column":11}},"locations":[{"start":{"line":52,"column":34},"end":{"line":62,"column":11}}]},"15":{"type":"branch","line":62,"loc":{"start":{"line":62,"column":11},"end":{"line":64,"column":3}},"locations":[{"start":{"line":62,"column":11},"end":{"line":64,"column":3}}]},"16":{"type":"branch","line":64,"loc":{"start":{"line":64,"column":3},"end":{"line":66,"column":2}},"locations":[{"start":{"line":64,"column":3},"end":{"line":66,"column":2}}]},"17":{"type":"branch","line":66,"loc":{"start":{"line":66,"column":4},"end":{"line":76,"column":11}},"locations":[{"start":{"line":66,"column":4},"end":{"line":76,"column":11}}]},"18":{"type":"branch","line":76,"loc":{"start":{"line":76,"column":13},"end":{"line":78,"column":68}},"locations":[{"start":{"line":76,"column":13},"end":{"line":78,"column":68}}]},"19":{"type":"branch","line":78,"loc":{"start":{"line":78,"column":68},"end":{"line":79,"column":25}},"locations":[{"start":{"line":78,"column":68},"end":{"line":79,"column":25}}]},"20":{"type":"branch","line":48,"loc":{"start":{"line":48,"column":4},"end":{"line":48,"column":54}},"locations":[{"start":{"line":48,"column":4},"end":{"line":48,"column":54}}]},"21":{"type":"branch","line":49,"loc":{"start":{"line":49,"column":24},"end":{"line":51,"column":11}},"locations":[{"start":{"line":49,"column":24},"end":{"line":51,"column":11}}]},"22":{"type":"branch","line":51,"loc":{"start":{"line":51,"column":41},"end":{"line":52,"column":19}},"locations":[{"start":{"line":51,"column":41},"end":{"line":52,"column":19}}]},"23":{"type":"branch","line":63,"loc":{"start":{"line":63,"column":5},"end":{"line":64,"column":1}},"locations":[{"start":{"line":63,"column":5},"end":{"line":64,"column":1}}]},"24":{"type":"branch","line":65,"loc":{"start":{"line":65,"column":21},"end":{"line":66,"column":1}},"locations":[{"start":{"line":65,"column":21},"end":{"line":66,"column":1}}]},"25":{"type":"branch","line":71,"loc":{"start":{"line":71,"column":4},"end":{"line":73,"column":19}},"locations":[{"start":{"line":71,"column":4},"end":{"line":73,"column":19}}]},"26":{"type":"branch","line":75,"loc":{"start":{"line":75,"column":16},"end":{"line":76,"column":10}},"locations":[{"start":{"line":75,"column":16},"end":{"line":76,"column":10}}]},"27":{"type":"branch","line":82,"loc":{"start":{"line":82,"column":56},"end":{"line":158,"column":1}},"locations":[{"start":{"line":82,"column":56},"end":{"line":158,"column":1}}]},"28":{"type":"branch","line":83,"loc":{"start":{"line":83,"column":0},"end":{"line":84,"column":23}},"locations":[{"start":{"line":83,"column":0},"end":{"line":84,"column":23}}]},"29":{"type":"branch","line":86,"loc":{"start":{"line":86,"column":16},"end":{"line":114,"column":44}},"locations":[{"start":{"line":86,"column":16},"end":{"line":114,"column":44}}]},"30":{"type":"branch","line":94,"loc":{"start":{"line":94,"column":34},"end":{"line":106,"column":32}},"locations":[{"start":{"line":94,"column":34},"end":{"line":106,"column":32}}]},"31":{"type":"branch","line":106,"loc":{"start":{"line":106,"column":34},"end":{"line":114,"column":11}},"locations":[{"start":{"line":106,"column":34},"end":{"line":114,"column":11}}]},"32":{"type":"branch","line":114,"loc":{"start":{"line":114,"column":11},"end":{"line":114,"column":43}},"locations":[{"start":{"line":114,"column":11},"end":{"line":114,"column":43}}]},"33":{"type":"branch","line":93,"loc":{"start":{"line":93,"column":40},"end":{"line":94,"column":31}},"locations":[{"start":{"line":93,"column":40},"end":{"line":94,"column":31}}]},"34":{"type":"branch","line":96,"loc":{"start":{"line":96,"column":11},"end":{"line":96,"column":61}},"locations":[{"start":{"line":96,"column":11},"end":{"line":96,"column":61}}]},"35":{"type":"branch","line":103,"loc":{"start":{"line":103,"column":19},"end":{"line":104,"column":10}},"locations":[{"start":{"line":103,"column":19},"end":{"line":104,"column":10}}]},"36":{"type":"branch","line":104,"loc":{"start":{"line":104,"column":43},"end":{"line":106,"column":31}},"locations":[{"start":{"line":104,"column":43},"end":{"line":106,"column":31}}]},"37":{"type":"branch","line":107,"loc":{"start":{"line":107,"column":9},"end":{"line":109,"column":0}},"locations":[{"start":{"line":107,"column":9},"end":{"line":109,"column":0}}]},"38":{"type":"branch","line":116,"loc":{"start":{"line":116,"column":9},"end":{"line":158,"column":1}},"locations":[{"start":{"line":116,"column":9},"end":{"line":158,"column":1}}]},"39":{"type":"branch","line":123,"loc":{"start":{"line":123,"column":8},"end":{"line":158,"column":1}},"locations":[{"start":{"line":123,"column":8},"end":{"line":158,"column":1}}]},"40":{"type":"branch","line":116,"loc":{"start":{"line":116,"column":51},"end":{"line":117,"column":27}},"locations":[{"start":{"line":116,"column":51},"end":{"line":117,"column":27}}]},"41":{"type":"branch","line":118,"loc":{"start":{"line":118,"column":24},"end":{"line":123,"column":5}},"locations":[{"start":{"line":118,"column":24},"end":{"line":123,"column":5}}]},"42":{"type":"branch","line":128,"loc":{"start":{"line":128,"column":1},"end":{"line":129,"column":21}},"locations":[{"start":{"line":128,"column":1},"end":{"line":129,"column":21}}]},"43":{"type":"branch","line":138,"loc":{"start":{"line":138,"column":4},"end":{"line":141,"column":2}},"locations":[{"start":{"line":138,"column":4},"end":{"line":141,"column":2}}]},"44":{"type":"branch","line":152,"loc":{"start":{"line":152,"column":9},"end":{"line":154,"column":6}},"locations":[{"start":{"line":152,"column":9},"end":{"line":154,"column":6}}]},"45":{"type":"branch","line":156,"loc":{"start":{"line":156,"column":5},"end":{"line":158,"column":1}},"locations":[{"start":{"line":156,"column":5},"end":{"line":158,"column":1}}]}},"b":{"0":[1],"1":[1],"2":[0],"3":[0],"4":[3],"5":[0],"6":[0],"7":[0],"8":[3],"9":[1],"10":[3],"11":[3],"12":[2],"13":[1],"14":[1],"15":[2],"16":[1],"17":[1],"18":[1],"19":[0],"20":[4],"21":[4],"22":[3],"23":[3],"24":[2],"25":[1],"26":[2],"27":[1],"28":[6],"29":[2],"30":[1],"31":[1],"32":[0],"33":[4],"34":[2],"35":[1],"36":[2],"37":[2],"38":[2],"39":[1],"40":[2],"41":[6],"42":[3],"43":[1],"44":[1],"45":[2]},"fnMap":{"0":{"name":"extendStatics","decl":{"start":{"line":5,"column":11},"end":{"line":14,"column":42}},"loc":{"start":{"line":5,"column":11},"end":{"line":14,"column":42}},"line":5},"1":{"name":"extendStatics","decl":{"start":{"line":7,"column":19},"end":{"line":7,"column":55}},"loc":{"start":{"line":7,"column":19},"end":{"line":7,"column":55}},"line":7},"2":{"name":"extendStatics","decl":{"start":{"line":8,"column":2},"end":{"line":13,"column":23}},"loc":{"start":{"line":8,"column":2},"end":{"line":13,"column":23}},"line":8},"3":{"name":"Object.<anonymous>.__extends","decl":{"start":{"line":15,"column":1},"end":{"line":30,"column":12}},"loc":{"start":{"line":15,"column":1},"end":{"line":30,"column":12}},"line":15},"4":{"name":"__","decl":{"start":{"line":23,"column":2},"end":{"line":23,"column":41}},"loc":{"start":{"line":23,"column":2},"end":{"line":23,"column":41}},"line":23},"5":{"name":"PatternCraft","decl":{"start":{"line":42,"column":29},"end":{"line":42,"column":60}},"loc":{"start":{"line":42,"column":29},"end":{"line":42,"column":60}},"line":42},"6":{"name":"Object.<anonymous>.PatternCraft.takeTurn","decl":{"start":{"line":43,"column":29},"end":{"line":79,"column":26}},"loc":{"start":{"line":43,"column":29},"end":{"line":79,"column":26}},"line":43},"7":{"name":"Terrain","decl":{"start":{"line":83,"column":0},"end":{"line":84,"column":23}},"loc":{"start":{"line":83,"column":0},"end":{"line":84,"column":23}},"line":83},"8":{"name":"Object.<anonymous>.Terrain.wall","decl":{"start":{"line":86,"column":16},"end":{"line":114,"column":44}},"loc":{"start":{"line":86,"column":16},"end":{"line":114,"column":44}},"line":86},"9":{"name":"Object.<anonymous>.Terrain.hill","decl":{"start":{"line":116,"column":9},"end":{"line":158,"column":1}},"loc":{"start":{"line":116,"column":9},"end":{"line":158,"column":1}},"line":116}},"f":{"0":1,"1":0,"2":0,"3":3,"4":3,"5":3,"6":3,"7":6,"8":2,"9":2}}
}
