{"C:\\Users\\evano\\WebstormProjects\\PatternCraftKata\\src\\index.ts": {"path":"C:\\Users\\evano\\WebstormProjects\\PatternCraftKata\\src\\index.ts","all":false,"statementMap":{"0":{"start":{"line":1,"column":0},"end":{"line":1,"column":0}},"1":{"start":{"line":2,"column":0},"end":{"line":2,"column":27}},"2":{"start":{"line":3,"column":0},"end":{"line":3,"column":27}},"3":{"start":{"line":4,"column":0},"end":{"line":4,"column":39}},"4":{"start":{"line":5,"column":0},"end":{"line":5,"column":30}},"5":{"start":{"line":6,"column":0},"end":{"line":6,"column":3}},"6":{"start":{"line":7,"column":0},"end":{"line":7,"column":1}},"7":{"start":{"line":8,"column":0},"end":{"line":8,"column":0}},"8":{"start":{"line":9,"column":0},"end":{"line":9,"column":22}},"9":{"start":{"line":10,"column":0},"end":{"line":10,"column":37}},"10":{"start":{"line":11,"column":0},"end":{"line":11,"column":3}},"11":{"start":{"line":12,"column":0},"end":{"line":12,"column":0}},"12":{"start":{"line":13,"column":0},"end":{"line":13,"column":10}},"13":{"start":{"line":14,"column":0},"end":{"line":14,"column":39}},"14":{"start":{"line":15,"column":0},"end":{"line":15,"column":60}},"15":{"start":{"line":16,"column":0},"end":{"line":16,"column":70}},"16":{"start":{"line":17,"column":0},"end":{"line":17,"column":72}},"17":{"start":{"line":18,"column":0},"end":{"line":18,"column":0}},"18":{"start":{"line":19,"column":0},"end":{"line":19,"column":28}},"19":{"start":{"line":20,"column":0},"end":{"line":20,"column":32}},"20":{"start":{"line":21,"column":0},"end":{"line":21,"column":62}},"21":{"start":{"line":22,"column":0},"end":{"line":22,"column":51}},"22":{"start":{"line":23,"column":0},"end":{"line":23,"column":83}},"23":{"start":{"line":24,"column":0},"end":{"line":24,"column":35}},"24":{"start":{"line":25,"column":0},"end":{"line":25,"column":38}},"25":{"start":{"line":26,"column":0},"end":{"line":26,"column":9}},"26":{"start":{"line":27,"column":0},"end":{"line":27,"column":8}},"27":{"start":{"line":28,"column":0},"end":{"line":28,"column":6}},"28":{"start":{"line":29,"column":0},"end":{"line":29,"column":0}},"29":{"start":{"line":30,"column":0},"end":{"line":30,"column":22}},"30":{"start":{"line":31,"column":0},"end":{"line":31,"column":3}},"31":{"start":{"line":32,"column":0},"end":{"line":32,"column":0}},"32":{"start":{"line":33,"column":0},"end":{"line":33,"column":10}},"33":{"start":{"line":34,"column":0},"end":{"line":34,"column":39}},"34":{"start":{"line":35,"column":0},"end":{"line":35,"column":60}},"35":{"start":{"line":36,"column":0},"end":{"line":36,"column":70}},"36":{"start":{"line":37,"column":0},"end":{"line":37,"column":72}},"37":{"start":{"line":38,"column":0},"end":{"line":38,"column":0}},"38":{"start":{"line":39,"column":0},"end":{"line":39,"column":28}},"39":{"start":{"line":40,"column":0},"end":{"line":40,"column":32}},"40":{"start":{"line":41,"column":0},"end":{"line":41,"column":62}},"41":{"start":{"line":42,"column":0},"end":{"line":42,"column":51}},"42":{"start":{"line":43,"column":0},"end":{"line":43,"column":83}},"43":{"start":{"line":44,"column":0},"end":{"line":44,"column":35}},"44":{"start":{"line":45,"column":0},"end":{"line":45,"column":38}},"45":{"start":{"line":46,"column":0},"end":{"line":46,"column":9}},"46":{"start":{"line":47,"column":0},"end":{"line":47,"column":8}},"47":{"start":{"line":48,"column":0},"end":{"line":48,"column":6}},"48":{"start":{"line":49,"column":0},"end":{"line":49,"column":0}},"49":{"start":{"line":50,"column":0},"end":{"line":50,"column":22}},"50":{"start":{"line":51,"column":0},"end":{"line":51,"column":3}},"51":{"start":{"line":52,"column":0},"end":{"line":52,"column":14}},"52":{"start":{"line":53,"column":0},"end":{"line":53,"column":39}},"53":{"start":{"line":54,"column":0},"end":{"line":54,"column":60}},"54":{"start":{"line":55,"column":0},"end":{"line":55,"column":70}},"55":{"start":{"line":56,"column":0},"end":{"line":56,"column":72}},"56":{"start":{"line":57,"column":0},"end":{"line":57,"column":0}},"57":{"start":{"line":58,"column":0},"end":{"line":58,"column":28}},"58":{"start":{"line":59,"column":0},"end":{"line":59,"column":32}},"59":{"start":{"line":60,"column":0},"end":{"line":60,"column":49}},"60":{"start":{"line":61,"column":0},"end":{"line":61,"column":85}},"61":{"start":{"line":62,"column":0},"end":{"line":62,"column":33}},"62":{"start":{"line":63,"column":0},"end":{"line":63,"column":36}},"63":{"start":{"line":64,"column":0},"end":{"line":64,"column":8}},"64":{"start":{"line":65,"column":0},"end":{"line":65,"column":6}},"65":{"start":{"line":66,"column":0},"end":{"line":66,"column":0}},"66":{"start":{"line":67,"column":0},"end":{"line":67,"column":22}},"67":{"start":{"line":68,"column":0},"end":{"line":68,"column":3}},"68":{"start":{"line":69,"column":0},"end":{"line":69,"column":1}},"69":{"start":{"line":70,"column":0},"end":{"line":70,"column":0}},"70":{"start":{"line":71,"column":0},"end":{"line":71,"column":19}},"71":{"start":{"line":72,"column":0},"end":{"line":72,"column":29}},"72":{"start":{"line":73,"column":0},"end":{"line":73,"column":27}},"73":{"start":{"line":74,"column":0},"end":{"line":74,"column":0}},"74":{"start":{"line":75,"column":0},"end":{"line":75,"column":22}},"75":{"start":{"line":76,"column":0},"end":{"line":76,"column":20}},"76":{"start":{"line":77,"column":0},"end":{"line":77,"column":34}},"77":{"start":{"line":78,"column":0},"end":{"line":78,"column":3}},"78":{"start":{"line":79,"column":0},"end":{"line":79,"column":1}},"79":{"start":{"line":80,"column":0},"end":{"line":80,"column":0}},"80":{"start":{"line":81,"column":0},"end":{"line":81,"column":34}},"81":{"start":{"line":82,"column":0},"end":{"line":82,"column":17}},"82":{"start":{"line":83,"column":0},"end":{"line":83,"column":12}},"83":{"start":{"line":84,"column":0},"end":{"line":84,"column":20}},"84":{"start":{"line":85,"column":0},"end":{"line":85,"column":24}},"85":{"start":{"line":86,"column":0},"end":{"line":86,"column":3}},"86":{"start":{"line":87,"column":0},"end":{"line":87,"column":1}},"87":{"start":{"line":88,"column":0},"end":{"line":88,"column":36}},"88":{"start":{"line":89,"column":0},"end":{"line":89,"column":17}},"89":{"start":{"line":90,"column":0},"end":{"line":90,"column":12}},"90":{"start":{"line":91,"column":0},"end":{"line":91,"column":20}},"91":{"start":{"line":92,"column":0},"end":{"line":92,"column":26}},"92":{"start":{"line":93,"column":0},"end":{"line":93,"column":3}},"93":{"start":{"line":94,"column":0},"end":{"line":94,"column":1}},"94":{"start":{"line":95,"column":0},"end":{"line":95,"column":0}},"95":{"start":{"line":96,"column":0},"end":{"line":96,"column":34}},"96":{"start":{"line":97,"column":0},"end":{"line":97,"column":17}},"97":{"start":{"line":98,"column":0},"end":{"line":98,"column":12}},"98":{"start":{"line":99,"column":0},"end":{"line":99,"column":20}},"99":{"start":{"line":100,"column":0},"end":{"line":100,"column":24}},"100":{"start":{"line":101,"column":0},"end":{"line":101,"column":3}},"101":{"start":{"line":102,"column":0},"end":{"line":102,"column":1}},"102":{"start":{"line":103,"column":0},"end":{"line":103,"column":0}},"103":{"start":{"line":104,"column":0},"end":{"line":104,"column":21}},"104":{"start":{"line":105,"column":0},"end":{"line":105,"column":43}},"105":{"start":{"line":106,"column":0},"end":{"line":106,"column":3}},"106":{"start":{"line":107,"column":0},"end":{"line":107,"column":0}},"107":{"start":{"line":108,"column":0},"end":{"line":108,"column":50}},"108":{"start":{"line":109,"column":0},"end":{"line":109,"column":57}},"109":{"start":{"line":110,"column":0},"end":{"line":110,"column":54}},"110":{"start":{"line":111,"column":0},"end":{"line":111,"column":7}},"111":{"start":{"line":112,"column":0},"end":{"line":112,"column":73}},"112":{"start":{"line":113,"column":0},"end":{"line":113,"column":69}},"113":{"start":{"line":114,"column":0},"end":{"line":114,"column":35}},"114":{"start":{"line":115,"column":0},"end":{"line":115,"column":74}},"115":{"start":{"line":116,"column":0},"end":{"line":116,"column":7}},"116":{"start":{"line":117,"column":0},"end":{"line":117,"column":33}},"117":{"start":{"line":118,"column":0},"end":{"line":118,"column":72}},"118":{"start":{"line":119,"column":0},"end":{"line":119,"column":7}},"119":{"start":{"line":120,"column":0},"end":{"line":120,"column":43}},"120":{"start":{"line":121,"column":0},"end":{"line":121,"column":48}},"121":{"start":{"line":122,"column":0},"end":{"line":122,"column":28}},"122":{"start":{"line":123,"column":0},"end":{"line":123,"column":7}},"123":{"start":{"line":124,"column":0},"end":{"line":124,"column":39}},"124":{"start":{"line":125,"column":0},"end":{"line":125,"column":28}},"125":{"start":{"line":126,"column":0},"end":{"line":126,"column":7}},"126":{"start":{"line":127,"column":0},"end":{"line":127,"column":39}},"127":{"start":{"line":128,"column":0},"end":{"line":128,"column":28}},"128":{"start":{"line":129,"column":0},"end":{"line":129,"column":7}},"129":{"start":{"line":130,"column":0},"end":{"line":130,"column":0}},"130":{"start":{"line":131,"column":0},"end":{"line":131,"column":24}},"131":{"start":{"line":132,"column":0},"end":{"line":132,"column":5}},"132":{"start":{"line":133,"column":0},"end":{"line":133,"column":57}},"133":{"start":{"line":134,"column":0},"end":{"line":134,"column":52}},"134":{"start":{"line":135,"column":0},"end":{"line":135,"column":7}},"135":{"start":{"line":136,"column":0},"end":{"line":136,"column":69}},"136":{"start":{"line":137,"column":0},"end":{"line":137,"column":69}},"137":{"start":{"line":138,"column":0},"end":{"line":138,"column":33}},"138":{"start":{"line":139,"column":0},"end":{"line":139,"column":74}},"139":{"start":{"line":140,"column":0},"end":{"line":140,"column":7}},"140":{"start":{"line":141,"column":0},"end":{"line":141,"column":33}},"141":{"start":{"line":142,"column":0},"end":{"line":142,"column":74}},"142":{"start":{"line":143,"column":0},"end":{"line":143,"column":7}},"143":{"start":{"line":144,"column":0},"end":{"line":144,"column":43}},"144":{"start":{"line":145,"column":0},"end":{"line":145,"column":26}},"145":{"start":{"line":146,"column":0},"end":{"line":146,"column":7}},"146":{"start":{"line":147,"column":0},"end":{"line":147,"column":39}},"147":{"start":{"line":148,"column":0},"end":{"line":148,"column":26}},"148":{"start":{"line":149,"column":0},"end":{"line":149,"column":7}},"149":{"start":{"line":150,"column":0},"end":{"line":150,"column":39}},"150":{"start":{"line":151,"column":0},"end":{"line":151,"column":26}},"151":{"start":{"line":152,"column":0},"end":{"line":152,"column":26}},"152":{"start":{"line":153,"column":0},"end":{"line":153,"column":7}},"153":{"start":{"line":154,"column":0},"end":{"line":154,"column":24}},"154":{"start":{"line":155,"column":0},"end":{"line":155,"column":5}},"155":{"start":{"line":156,"column":0},"end":{"line":156,"column":57}},"156":{"start":{"line":157,"column":0},"end":{"line":157,"column":54}},"157":{"start":{"line":158,"column":0},"end":{"line":158,"column":7}},"158":{"start":{"line":159,"column":0},"end":{"line":159,"column":69}},"159":{"start":{"line":160,"column":0},"end":{"line":160,"column":73}},"160":{"start":{"line":161,"column":0},"end":{"line":161,"column":33}},"161":{"start":{"line":162,"column":0},"end":{"line":162,"column":72}},"162":{"start":{"line":163,"column":0},"end":{"line":163,"column":7}},"163":{"start":{"line":164,"column":0},"end":{"line":164,"column":35}},"164":{"start":{"line":165,"column":0},"end":{"line":165,"column":74}},"165":{"start":{"line":166,"column":0},"end":{"line":166,"column":7}},"166":{"start":{"line":167,"column":0},"end":{"line":167,"column":43}},"167":{"start":{"line":168,"column":0},"end":{"line":168,"column":28}},"168":{"start":{"line":169,"column":0},"end":{"line":169,"column":7}},"169":{"start":{"line":170,"column":0},"end":{"line":170,"column":39}},"170":{"start":{"line":171,"column":0},"end":{"line":171,"column":28}},"171":{"start":{"line":172,"column":0},"end":{"line":172,"column":7}},"172":{"start":{"line":173,"column":0},"end":{"line":173,"column":39}},"173":{"start":{"line":174,"column":0},"end":{"line":174,"column":26}},"174":{"start":{"line":175,"column":0},"end":{"line":175,"column":28}},"175":{"start":{"line":176,"column":0},"end":{"line":176,"column":7}},"176":{"start":{"line":177,"column":0},"end":{"line":177,"column":24}},"177":{"start":{"line":178,"column":0},"end":{"line":178,"column":5}},"178":{"start":{"line":179,"column":0},"end":{"line":179,"column":0}},"179":{"start":{"line":180,"column":0},"end":{"line":180,"column":22}},"180":{"start":{"line":181,"column":0},"end":{"line":181,"column":3}},"181":{"start":{"line":182,"column":0},"end":{"line":182,"column":1}}},"s":{"0":1,"1":1,"2":1,"3":1,"4":1,"5":1,"6":1,"7":1,"8":1,"9":1,"10":0,"11":0,"12":0,"13":0,"14":1,"15":1,"16":1,"17":3,"18":3,"19":3,"20":0,"21":3,"22":3,"23":3,"24":1,"25":1,"26":1,"27":1,"28":1,"29":1,"30":1,"31":1,"32":1,"33":1,"34":1,"35":1,"36":1,"37":3,"38":3,"39":3,"40":1,"41":1,"42":1,"43":1,"44":2,"45":2,"46":2,"47":2,"48":2,"49":2,"50":2,"51":2,"52":2,"53":2,"54":2,"55":2,"56":2,"57":2,"58":2,"59":2,"60":2,"61":2,"62":2,"63":2,"64":2,"65":2,"66":2,"67":2,"68":2,"69":2,"70":2,"71":2,"72":2,"73":2,"74":2,"75":2,"76":2,"77":2,"78":2,"79":2,"80":2,"81":2,"82":2,"83":1,"84":1,"85":2,"86":2,"87":2,"88":2,"89":2,"90":2,"91":2,"92":2,"93":2,"94":2,"95":2,"96":4,"97":4,"98":2,"99":2,"100":2,"101":4,"102":4,"103":4,"104":2,"105":2,"106":2,"107":2,"108":2,"109":2,"110":0,"111":2,"112":2,"113":2,"114":2,"115":2,"116":2,"117":2,"118":2,"119":1,"120":1,"121":5,"122":5,"123":5,"124":5,"125":5,"126":5,"127":5,"128":5,"129":5,"130":5,"131":5,"132":5,"133":5,"134":5,"135":5,"136":5,"137":5,"138":5,"139":5,"140":5,"141":1,"142":1,"143":1,"144":1,"145":42,"146":1,"147":3,"148":3,"149":1,"150":1,"151":1,"152":1,"153":1,"154":1,"155":1,"156":16,"157":16,"158":1,"159":1,"160":1,"161":1,"162":13,"163":13,"164":1,"165":1,"166":1,"167":1,"168":1,"169":1,"170":1,"171":13,"172":13,"173":13,"174":13,"175":13,"176":1,"177":1,"178":1,"179":1,"180":1,"181":1},"branchMap":{"0":{"type":"branch","line":4,"loc":{"start":{"line":4,"column":2},"end":{"line":25,"column":17}},"locations":[{"start":{"line":4,"column":2},"end":{"line":25,"column":17}}]},"1":{"type":"branch","line":5,"loc":{"start":{"line":5,"column":0},"end":{"line":17,"column":24}},"locations":[{"start":{"line":5,"column":0},"end":{"line":17,"column":24}}]},"2":{"type":"branch","line":10,"loc":{"start":{"line":10,"column":3},"end":{"line":15,"column":0}},"locations":[{"start":{"line":10,"column":3},"end":{"line":15,"column":0}}]},"3":{"type":"branch","line":15,"loc":{"start":{"line":15,"column":1},"end":{"line":16,"column":52}},"locations":[{"start":{"line":15,"column":1},"end":{"line":16,"column":52}}]},"4":{"type":"branch","line":17,"loc":{"start":{"line":17,"column":37},"end":{"line":25,"column":14}},"locations":[{"start":{"line":17,"column":37},"end":{"line":25,"column":14}}]},"5":{"type":"branch","line":19,"loc":{"start":{"line":19,"column":17},"end":{"line":20,"column":1}},"locations":[{"start":{"line":19,"column":17},"end":{"line":20,"column":1}}]},"6":{"type":"branch","line":20,"loc":{"start":{"line":20,"column":15},"end":{"line":22,"column":9}},"locations":[{"start":{"line":20,"column":15},"end":{"line":22,"column":9}}]},"7":{"type":"branch","line":23,"loc":{"start":{"line":23,"column":68},"end":{"line":24,"column":2}},"locations":[{"start":{"line":23,"column":68},"end":{"line":24,"column":2}}]},"8":{"type":"branch","line":22,"loc":{"start":{"line":22,"column":47},"end":{"line":23,"column":34}},"locations":[{"start":{"line":22,"column":47},"end":{"line":23,"column":34}}]},"9":{"type":"branch","line":36,"loc":{"start":{"line":36,"column":47},"end":{"line":41,"column":57}},"locations":[{"start":{"line":36,"column":47},"end":{"line":41,"column":57}}]},"10":{"type":"branch","line":36,"loc":{"start":{"line":36,"column":65},"end":{"line":37,"column":25}},"locations":[{"start":{"line":36,"column":65},"end":{"line":37,"column":25}}]},"11":{"type":"branch","line":37,"loc":{"start":{"line":37,"column":64},"end":{"line":41,"column":29}},"locations":[{"start":{"line":37,"column":64},"end":{"line":41,"column":29}}]},"12":{"type":"branch","line":43,"loc":{"start":{"line":43,"column":13},"end":{"line":142,"column":69}},"locations":[{"start":{"line":43,"column":13},"end":{"line":142,"column":69}}]},"13":{"type":"branch","line":43,"loc":{"start":{"line":43,"column":31},"end":{"line":44,"column":6}},"locations":[{"start":{"line":43,"column":31},"end":{"line":44,"column":6}}]},"14":{"type":"branch","line":45,"loc":{"start":{"line":45,"column":0},"end":{"line":84,"column":4}},"locations":[{"start":{"line":45,"column":0},"end":{"line":84,"column":4}}]},"15":{"type":"branch","line":54,"loc":{"start":{"line":54,"column":14},"end":{"line":55,"column":4}},"locations":[{"start":{"line":54,"column":14},"end":{"line":55,"column":4}}]},"16":{"type":"branch","line":55,"loc":{"start":{"line":55,"column":47},"end":{"line":56,"column":28}},"locations":[{"start":{"line":55,"column":47},"end":{"line":56,"column":28}}]},"17":{"type":"branch","line":56,"loc":{"start":{"line":56,"column":54},"end":{"line":82,"column":0}},"locations":[{"start":{"line":56,"column":54},"end":{"line":82,"column":0}}]},"18":{"type":"branch","line":58,"loc":{"start":{"line":58,"column":26},"end":{"line":81,"column":23}},"locations":[{"start":{"line":58,"column":26},"end":{"line":81,"column":23}}]},"19":{"type":"branch","line":60,"loc":{"start":{"line":60,"column":37},"end":{"line":60,"column":45}},"locations":[{"start":{"line":60,"column":37},"end":{"line":60,"column":45}}]},"20":{"type":"branch","line":61,"loc":{"start":{"line":61,"column":11},"end":{"line":61,"column":83}},"locations":[{"start":{"line":61,"column":11},"end":{"line":61,"column":83}}]},"21":{"type":"branch","line":61,"loc":{"start":{"line":61,"column":84},"end":{"line":62,"column":6}},"locations":[{"start":{"line":61,"column":84},"end":{"line":62,"column":6}}]},"22":{"type":"branch","line":85,"loc":{"start":{"line":85,"column":14},"end":{"line":120,"column":25}},"locations":[{"start":{"line":85,"column":14},"end":{"line":120,"column":25}}]},"23":{"type":"branch","line":96,"loc":{"start":{"line":96,"column":22},"end":{"line":99,"column":7}},"locations":[{"start":{"line":96,"column":22},"end":{"line":99,"column":7}}]},"24":{"type":"branch","line":102,"loc":{"start":{"line":102,"column":0},"end":{"line":105,"column":27}},"locations":[{"start":{"line":102,"column":0},"end":{"line":105,"column":27}}]},"25":{"type":"branch","line":108,"loc":{"start":{"line":108,"column":4},"end":{"line":118,"column":71}},"locations":[{"start":{"line":108,"column":4},"end":{"line":118,"column":71}}]},"26":{"type":"branch","line":110,"loc":{"start":{"line":110,"column":14},"end":{"line":110,"column":22}},"locations":[{"start":{"line":110,"column":14},"end":{"line":110,"column":22}}]},"27":{"type":"branch","line":110,"loc":{"start":{"line":110,"column":38},"end":{"line":112,"column":47}},"locations":[{"start":{"line":110,"column":38},"end":{"line":112,"column":47}}]},"28":{"type":"branch","line":112,"loc":{"start":{"line":112,"column":48},"end":{"line":112,"column":56}},"locations":[{"start":{"line":112,"column":48},"end":{"line":112,"column":56}}]},"29":{"type":"branch","line":121,"loc":{"start":{"line":121,"column":16},"end":{"line":142,"column":46}},"locations":[{"start":{"line":121,"column":16},"end":{"line":142,"column":46}}]},"30":{"type":"branch","line":127,"loc":{"start":{"line":127,"column":15},"end":{"line":128,"column":26}},"locations":[{"start":{"line":127,"column":15},"end":{"line":128,"column":26}}]},"31":{"type":"branch","line":133,"loc":{"start":{"line":133,"column":0},"end":{"line":133,"column":52}},"locations":[{"start":{"line":133,"column":0},"end":{"line":133,"column":52}}]},"32":{"type":"branch","line":134,"loc":{"start":{"line":134,"column":20},"end":{"line":142,"column":11}},"locations":[{"start":{"line":134,"column":20},"end":{"line":142,"column":11}}]},"33":{"type":"branch","line":136,"loc":{"start":{"line":136,"column":5},"end":{"line":141,"column":33}},"locations":[{"start":{"line":136,"column":5},"end":{"line":141,"column":33}}]},"34":{"type":"branch","line":145,"loc":{"start":{"line":145,"column":0},"end":{"line":151,"column":17}},"locations":[{"start":{"line":145,"column":0},"end":{"line":151,"column":17}}]},"35":{"type":"branch","line":145,"loc":{"start":{"line":145,"column":18},"end":{"line":147,"column":6}},"locations":[{"start":{"line":145,"column":18},"end":{"line":147,"column":6}}]},"36":{"type":"branch","line":147,"loc":{"start":{"line":147,"column":35},"end":{"line":150,"column":37}},"locations":[{"start":{"line":147,"column":35},"end":{"line":150,"column":37}}]},"37":{"type":"branch","line":154,"loc":{"start":{"line":154,"column":9},"end":{"line":160,"column":14}},"locations":[{"start":{"line":154,"column":9},"end":{"line":160,"column":14}}]},"38":{"type":"branch","line":156,"loc":{"start":{"line":156,"column":33},"end":{"line":159,"column":63}},"locations":[{"start":{"line":156,"column":33},"end":{"line":159,"column":63}}]},"39":{"type":"branch","line":161,"loc":{"start":{"line":161,"column":4},"end":{"line":167,"column":5}},"locations":[{"start":{"line":161,"column":4},"end":{"line":167,"column":5}}]},"40":{"type":"branch","line":162,"loc":{"start":{"line":162,"column":27},"end":{"line":165,"column":65}},"locations":[{"start":{"line":162,"column":27},"end":{"line":165,"column":65}}]},"41":{"type":"branch","line":168,"loc":{"start":{"line":168,"column":27},"end":{"line":180,"column":4}},"locations":[{"start":{"line":168,"column":27},"end":{"line":180,"column":4}}]},"42":{"type":"branch","line":171,"loc":{"start":{"line":171,"column":5},"end":{"line":177,"column":15}},"locations":[{"start":{"line":171,"column":5},"end":{"line":177,"column":15}}]}},"b":{"0":[1],"1":[1],"2":[0],"3":[0],"4":[3],"5":[0],"6":[0],"7":[0],"8":[3],"9":[1],"10":[3],"11":[3],"12":[1],"13":[9],"14":[2],"15":[4],"16":[4],"17":[2],"18":[2],"19":[0],"20":[0],"21":[0],"22":[2],"23":[4],"24":[4],"25":[2],"26":[0],"27":[0],"28":[0],"29":[5],"30":[10],"31":[10],"32":[5],"33":[5],"34":[1],"35":[42],"36":[3],"37":[1],"38":[16],"39":[1],"40":[13],"41":[1],"42":[13]},"fnMap":{"0":{"name":"extendStatics","decl":{"start":{"line":5,"column":0},"end":{"line":17,"column":24}},"loc":{"start":{"line":5,"column":0},"end":{"line":17,"column":24}},"line":5},"1":{"name":"extendStatics","decl":{"start":{"line":14,"column":3},"end":{"line":14,"column":39}},"loc":{"start":{"line":14,"column":3},"end":{"line":14,"column":39}},"line":14},"2":{"name":"extendStatics","decl":{"start":{"line":15,"column":16},"end":{"line":16,"column":52}},"loc":{"start":{"line":15,"column":16},"end":{"line":16,"column":52}},"line":15},"3":{"name":"Object.<anonymous>.__extends","decl":{"start":{"line":17,"column":37},"end":{"line":25,"column":14}},"loc":{"start":{"line":17,"column":37},"end":{"line":25,"column":14}},"line":17},"4":{"name":"__","decl":{"start":{"line":22,"column":47},"end":{"line":23,"column":34}},"loc":{"start":{"line":22,"column":47},"end":{"line":23,"column":34}},"line":22},"5":{"name":"PatternCraft","decl":{"start":{"line":36,"column":65},"end":{"line":37,"column":25}},"loc":{"start":{"line":36,"column":65},"end":{"line":37,"column":25}},"line":36},"6":{"name":"Object.<anonymous>.PatternCraft.takeTurn","decl":{"start":{"line":37,"column":64},"end":{"line":41,"column":29}},"loc":{"start":{"line":37,"column":64},"end":{"line":41,"column":29}},"line":37},"7":{"name":"Terrain","decl":{"start":{"line":43,"column":31},"end":{"line":44,"column":6}},"loc":{"start":{"line":43,"column":31},"end":{"line":44,"column":6}},"line":43},"8":{"name":"Object.<anonymous>.Terrain.wall","decl":{"start":{"line":45,"column":0},"end":{"line":84,"column":4}},"loc":{"start":{"line":45,"column":0},"end":{"line":84,"column":4}},"line":45},"9":{"name":"Object.<anonymous>.Terrain.hill","decl":{"start":{"line":85,"column":14},"end":{"line":120,"column":25}},"loc":{"start":{"line":85,"column":14},"end":{"line":120,"column":25}},"line":85},"10":{"name":"Object.<anonymous>.Terrain.flatland","decl":{"start":{"line":121,"column":16},"end":{"line":142,"column":46}},"loc":{"start":{"line":121,"column":16},"end":{"line":142,"column":46}},"line":121},"11":{"name":"Unit","decl":{"start":{"line":145,"column":18},"end":{"line":147,"column":6}},"loc":{"start":{"line":145,"column":18},"end":{"line":147,"column":6}},"line":145},"12":{"name":"Object.<anonymous>.Unit.attack","decl":{"start":{"line":147,"column":35},"end":{"line":150,"column":37}},"loc":{"start":{"line":147,"column":35},"end":{"line":150,"column":37}},"line":147},"13":{"name":"Marine","decl":{"start":{"line":156,"column":33},"end":{"line":159,"column":63}},"loc":{"start":{"line":156,"column":33},"end":{"line":159,"column":63}},"line":156},"14":{"name":"Zergling","decl":{"start":{"line":162,"column":27},"end":{"line":165,"column":65}},"loc":{"start":{"line":162,"column":27},"end":{"line":165,"column":65}},"line":162},"15":{"name":"Zealot","decl":{"start":{"line":171,"column":5},"end":{"line":177,"column":15}},"loc":{"start":{"line":171,"column":5},"end":{"line":177,"column":15}},"line":171}},"f":{"0":1,"1":0,"2":0,"3":3,"4":3,"5":3,"6":3,"7":9,"8":2,"9":2,"10":5,"11":42,"12":3,"13":16,"14":13,"15":13}}
}
