TN:
SF:src\index.ts
FN:5,extendStatics
FN:14,extendStatics
FN:15,extendStatics
FN:17,Object.<anonymous>.__extends
FN:22,__
FN:36,PatternCraft
FN:37,Object.<anonymous>.PatternCraft.takeTurn
FN:43,Terrain
FN:45,Object.<anonymous>.Terrain.wall
FN:85,Object.<anonymous>.Terrain.hill
FN:123,Object.<anonymous>.Terrain.flatland
FN:147,Unit
FN:150,Object.<anonymous>.Unit.attack
FN:158,Marine
FN:164,Zergling
FN:173,Zealot
FNF:16
FNH:14
FNDA:1,extendStatics
FNDA:0,extendStatics
FNDA:0,extendStatics
FNDA:3,Object.<anonymous>.__extends
FNDA:3,__
FNDA:3,PatternCraft
FNDA:3,Object.<anonymous>.PatternCraft.takeTurn
FNDA:9,Terrain
FNDA:2,Object.<anonymous>.Terrain.wall
FNDA:2,Object.<anonymous>.Terrain.hill
FNDA:5,Object.<anonymous>.Terrain.flatland
FNDA:42,Unit
FNDA:3,Object.<anonymous>.Unit.attack
FNDA:16,Marine
FNDA:13,Zergling
FNDA:13,Zealot
DA:1,1
DA:2,1
DA:3,1
DA:4,1
DA:5,1
DA:6,1
DA:7,1
DA:8,1
DA:9,1
DA:10,1
DA:11,0
DA:12,0
DA:13,0
DA:14,0
DA:15,1
DA:16,1
DA:17,1
DA:18,3
DA:19,3
DA:20,3
DA:21,0
DA:22,3
DA:23,3
DA:24,3
DA:25,1
DA:26,1
DA:27,1
DA:28,1
DA:29,1
DA:30,1
DA:31,1
DA:32,1
DA:33,1
DA:34,1
DA:35,1
DA:36,1
DA:37,1
DA:38,3
DA:39,3
DA:40,3
DA:41,1
DA:42,1
DA:43,1
DA:44,1
DA:45,2
DA:46,2
DA:47,2
DA:48,2
DA:49,2
DA:50,2
DA:51,2
DA:52,2
DA:53,2
DA:54,2
DA:55,2
DA:56,2
DA:57,2
DA:58,2
DA:59,2
DA:60,2
DA:61,2
DA:62,2
DA:63,2
DA:64,2
DA:65,2
DA:66,2
DA:67,2
DA:68,2
DA:69,2
DA:70,2
DA:71,2
DA:72,2
DA:73,2
DA:74,2
DA:75,2
DA:76,2
DA:77,2
DA:78,2
DA:79,2
DA:80,2
DA:81,2
DA:82,2
DA:83,2
DA:84,1
DA:85,1
DA:86,2
DA:87,2
DA:88,2
DA:89,2
DA:90,2
DA:91,2
DA:92,2
DA:93,2
DA:94,2
DA:95,2
DA:96,2
DA:97,4
DA:98,4
DA:99,2
DA:100,2
DA:101,2
DA:102,4
DA:103,4
DA:104,4
DA:105,2
DA:106,2
DA:107,2
DA:108,2
DA:109,2
DA:110,2
DA:111,2
DA:112,0
DA:113,2
DA:114,2
DA:115,2
DA:116,2
DA:117,2
DA:118,2
DA:119,2
DA:120,2
DA:121,2
DA:122,1
DA:123,1
DA:124,5
DA:125,5
DA:126,5
DA:127,5
DA:128,5
DA:129,5
DA:130,5
DA:131,5
DA:132,5
DA:133,5
DA:134,5
DA:135,5
DA:136,5
DA:137,5
DA:138,5
DA:139,5
DA:140,5
DA:141,5
DA:142,5
DA:143,5
DA:144,1
DA:145,1
DA:146,1
DA:147,1
DA:148,1
DA:149,1
DA:150,1
DA:151,3
DA:152,1
DA:153,1
DA:154,1
DA:155,1
DA:156,1
DA:157,1
DA:158,1
DA:159,16
DA:160,16
DA:161,16
DA:162,1
DA:163,1
DA:164,1
DA:165,13
DA:166,13
DA:167,1
DA:168,1
DA:169,1
DA:170,1
DA:171,1
DA:172,1
DA:173,1
DA:174,13
DA:175,13
DA:176,13
DA:177,13
DA:178,13
DA:179,1
DA:180,1
DA:181,1
DA:182,1
DA:183,1
DA:184,1
LF:184
LH:178
BRDA:4,0,0,1
BRDA:5,1,0,1
BRDA:10,2,0,0
BRDA:15,3,0,0
BRDA:17,4,0,3
BRDA:19,5,0,0
BRDA:20,6,0,0
BRDA:23,7,0,0
BRDA:22,8,0,3
BRDA:36,9,0,1
BRDA:36,10,0,3
BRDA:37,11,0,3
BRDA:43,12,0,1
BRDA:43,13,0,9
BRDA:45,14,0,2
BRDA:54,15,0,4
BRDA:55,16,0,4
BRDA:56,17,0,2
BRDA:58,18,0,2
BRDA:60,19,0,0
BRDA:61,20,0,0
BRDA:61,21,0,0
BRDA:85,22,0,2
BRDA:96,23,0,4
BRDA:102,24,0,4
BRDA:108,25,0,2
BRDA:109,26,0,2
BRDA:111,27,0,0
BRDA:111,28,0,0
BRDA:113,29,0,0
BRDA:123,30,0,5
BRDA:132,31,0,10
BRDA:133,32,0,10
BRDA:136,33,0,5
BRDA:136,34,0,5
BRDA:147,35,0,1
BRDA:147,36,0,42
BRDA:150,37,0,3
BRDA:157,38,0,1
BRDA:158,39,0,16
BRDA:163,40,0,1
BRDA:164,41,0,13
BRDA:171,42,0,1
BRDA:173,43,0,13
BRF:44
BRH:33
end_of_record
