TN:
SF:src\index.ts
FN:2,Object.<anonymous>
FN:5,extendStatics
FN:14,extendStatics
FN:15,extendStatics
FN:17,Object.<anonymous>.__extends
FN:22,__
FN:37,PatternCraft
FN:39,Object.<anonymous>.PatternCraft.takeTurn
FN:43,Terrain
FN:45,Object.<anonymous>.Terrain.wall
FN:88,Object.<anonymous>.Terrain.hill
FN:121,Object.<anonymous>.Terrain.flatland
FN:147,Unit
FN:148,Object.<anonymous>.Unit.attack
FN:157,Marine
FN:162,Zergling
FN:172,Zealot
FN:187,Battle
FN:192,Object.<anonymous>.Battle.doBattle
FNF:19
FNH:17
FNDA:1,Object.<anonymous>
FNDA:1,extendStatics
FNDA:0,extendStatics
FNDA:0,extendStatics
FNDA:3,Object.<anonymous>.__extends
FNDA:3,__
FNDA:3,PatternCraft
FNDA:3,Object.<anonymous>.PatternCraft.takeTurn
FNDA:9,Terrain
FNDA:2,Object.<anonymous>.Terrain.wall
FNDA:2,Object.<anonymous>.Terrain.hill
FNDA:5,Object.<anonymous>.Terrain.flatland
FNDA:54,Unit
FNDA:3,Object.<anonymous>.Unit.attack
FNDA:20,Marine
FNDA:17,Zergling
FNDA:17,Zealot
FNDA:18,Battle
FNDA:18,Object.<anonymous>.Battle.doBattle
DA:1,1
DA:2,1
DA:3,1
DA:4,1
DA:5,1
DA:6,1
DA:7,1
DA:8,1
DA:9,1
DA:10,1
DA:11,0
DA:12,0
DA:13,0
DA:14,0
DA:15,1
DA:16,1
DA:17,1
DA:18,3
DA:19,3
DA:20,3
DA:21,0
DA:22,3
DA:23,3
DA:24,3
DA:25,1
DA:26,1
DA:27,1
DA:28,1
DA:29,1
DA:30,1
DA:31,1
DA:32,1
DA:33,1
DA:34,1
DA:35,1
DA:36,1
DA:37,1
DA:38,1
DA:39,1
DA:40,3
DA:41,1
DA:42,1
DA:43,1
DA:44,1
DA:45,1
DA:46,2
DA:47,2
DA:48,2
DA:49,2
DA:50,2
DA:51,2
DA:52,2
DA:53,2
DA:54,2
DA:55,2
DA:56,2
DA:57,2
DA:58,2
DA:59,2
DA:60,2
DA:61,2
DA:62,2
DA:63,2
DA:64,2
DA:65,2
DA:66,2
DA:67,2
DA:68,2
DA:69,2
DA:70,2
DA:71,2
DA:72,2
DA:73,2
DA:74,2
DA:75,2
DA:76,2
DA:77,2
DA:78,2
DA:79,2
DA:80,2
DA:81,2
DA:82,2
DA:83,2
DA:84,2
DA:85,1
DA:86,1
DA:87,1
DA:88,1
DA:89,2
DA:90,2
DA:91,2
DA:92,2
DA:93,2
DA:94,2
DA:95,2
DA:96,2
DA:97,2
DA:98,4
DA:99,4
DA:100,2
DA:101,2
DA:102,2
DA:103,2
DA:104,2
DA:105,2
DA:106,4
DA:107,4
DA:108,2
DA:109,2
DA:110,2
DA:111,2
DA:112,2
DA:113,2
DA:114,2
DA:115,2
DA:116,2
DA:117,2
DA:118,2
DA:119,2
DA:120,2
DA:121,1
DA:122,5
DA:123,5
DA:124,5
DA:125,5
DA:126,5
DA:127,5
DA:128,5
DA:129,10
DA:130,10
DA:131,5
DA:132,5
DA:133,5
DA:134,5
DA:135,5
DA:136,5
DA:137,5
DA:138,5
DA:139,5
DA:140,5
DA:141,5
DA:142,1
DA:143,1
DA:144,1
DA:145,1
DA:146,1
DA:147,1
DA:148,1
DA:149,3
DA:150,3
DA:151,1
DA:152,1
DA:153,1
DA:154,1
DA:155,1
DA:156,1
DA:157,1
DA:158,20
DA:159,20
DA:160,1
DA:161,1
DA:162,1
DA:163,17
DA:164,17
DA:165,17
DA:166,17
DA:167,1
DA:168,1
DA:169,1
DA:170,1
DA:171,1
DA:172,1
DA:173,17
DA:174,17
DA:175,17
DA:176,17
DA:177,17
DA:178,17
DA:179,17
DA:180,1
DA:181,1
DA:182,1
DA:183,1
DA:184,1
DA:185,1
DA:186,1
DA:187,1
DA:188,18
DA:189,18
DA:190,18
DA:191,18
DA:192,1
DA:193,18
DA:194,18
DA:195,3
DA:196,18
DA:197,18
DA:198,36
DA:199,18
DA:200,14
DA:201,18
DA:202,7
DA:203,7
DA:204,7
DA:205,7
DA:206,7
DA:207,7
DA:208,7
DA:209,7
DA:210,7
DA:211,0
DA:212,0
DA:213,7
DA:214,7
DA:215,0
DA:216,0
DA:217,0
DA:218,7
DA:219,7
DA:220,3
DA:221,3
DA:222,3
DA:223,3
DA:224,3
DA:225,7
DA:226,7
DA:227,7
DA:228,7
DA:229,2
DA:230,2
LF:230
LH:220
BRDA:2,0,0,1
BRDA:2,1,0,1
BRDA:4,2,0,1
BRDA:5,3,0,1
BRDA:10,4,0,0
BRDA:15,5,0,0
BRDA:17,6,0,3
BRDA:19,7,0,0
BRDA:20,8,0,0
BRDA:23,9,0,0
BRDA:22,10,0,3
BRDA:37,11,0,1
BRDA:37,12,0,3
BRDA:39,13,0,3
BRDA:43,14,0,1
BRDA:43,15,0,9
BRDA:45,16,0,2
BRDA:54,17,0,4
BRDA:56,18,0,4
BRDA:58,19,0,2
BRDA:59,20,0,2
BRDA:61,21,0,0
BRDA:61,22,0,0
BRDA:62,23,0,0
BRDA:88,24,0,2
BRDA:97,25,0,4
BRDA:105,26,0,4
BRDA:108,27,0,2
BRDA:109,28,0,2
BRDA:110,29,0,0
BRDA:112,30,0,0
BRDA:113,31,0,0
BRDA:121,32,0,5
BRDA:128,33,0,10
BRDA:133,34,0,10
BRDA:134,35,0,5
BRDA:136,36,0,5
BRDA:146,37,0,1
BRDA:147,38,0,54
BRDA:148,39,0,3
BRDA:156,40,0,1
BRDA:157,41,0,20
BRDA:161,42,0,1
BRDA:162,43,0,17
BRDA:170,44,0,1
BRDA:172,45,0,17
BRDA:187,46,0,1
BRDA:187,47,0,18
BRDA:192,48,0,18
BRDA:194,49,0,3
BRDA:199,50,0,14
BRDA:201,51,0,7
BRDA:210,52,0,0
BRDA:214,53,0,0
BRDA:219,54,0,3
BRDA:222,55,0,0
BRDA:223,56,0,0
BRDA:228,57,0,2
BRDA:197,58,0,36
BRDA:200,59,0,28
BRDA:202,60,0,14
BRDA:205,61,0,7
BRF:62
BRH:47
end_of_record
